<?xml version="1.0" encoding="UTF-8"?>
<testsuite xmlns:xsi="http://www.w3.org/2001/XMLSchema-instance" xsi:noNamespaceSchemaLocation="https://maven.apache.org/surefire/maven-surefire-plugin/xsd/surefire-test-report.xsd" name="TestSuite" time="15.246" tests="1" errors="0" skipped="0" failures="1">
  <properties>
    <property name="java.specification.version" value="15"/>
    <property name="sun.cpu.isalist" value="amd64"/>
    <property name="sun.jnu.encoding" value="Cp1252"/>
    <property name="java.class.path" value="C:\Users\nikhil.bhatia\.m2\repository\org\apache\maven\surefire\surefire-booter\2.22.1\surefire-booter-2.22.1.jar;C:\Users\nikhil.bhatia\.m2\repository\org\apache\maven\surefire\surefire-api\2.22.1\surefire-api-2.22.1.jar;C:\Users\nikhil.bhatia\.m2\repository\org\apache\maven\surefire\surefire-logger-api\2.22.1\surefire-logger-api-2.22.1.jar;D:\GaanaCucumberFramework\target\test-classes;D:\GaanaCucumberFramework\target\classes;C:\Users\nikhil.bhatia\.m2\repository\org\apache\commons\commons-email\1.5\commons-email-1.5.jar;C:\Users\nikhil.bhatia\.m2\repository\org\mongodb\mongo-java-driver\3.8.2\mongo-java-driver-3.8.2.jar;C:\Users\nikhil.bhatia\.m2\repository\com\fasterxml\jackson\core\jackson-core\2.9.8\jackson-core-2.9.8.jar;C:\Users\nikhil.bhatia\.m2\repository\com\fasterxml\jackson\core\jackson-databind\2.9.8\jackson-databind-2.9.8.jar;C:\Users\nikhil.bhatia\.m2\repository\com\fasterxml\jackson\core\jackson-annotations\2.9.0\jackson-annotations-2.9.0.jar;C:\Users\nikhil.bhatia\.m2\repository\org\seleniumhq\selenium\selenium-server\3.14.0\selenium-server-3.14.0.jar;C:\Users\nikhil.bhatia\.m2\repository\org\seleniumhq\selenium\selenium-java\3.14.0\selenium-java-3.14.0.jar;C:\Users\nikhil.bhatia\.m2\repository\org\seleniumhq\selenium\selenium-api\3.14.0\selenium-api-3.14.0.jar;C:\Users\nikhil.bhatia\.m2\repository\org\seleniumhq\selenium\selenium-chrome-driver\3.14.0\selenium-chrome-driver-3.14.0.jar;C:\Users\nikhil.bhatia\.m2\repository\org\seleniumhq\selenium\selenium-edge-driver\3.14.0\selenium-edge-driver-3.14.0.jar;C:\Users\nikhil.bhatia\.m2\repository\org\seleniumhq\selenium\selenium-firefox-driver\3.14.0\selenium-firefox-driver-3.14.0.jar;C:\Users\nikhil.bhatia\.m2\repository\org\seleniumhq\selenium\selenium-ie-driver\3.14.0\selenium-ie-driver-3.14.0.jar;C:\Users\nikhil.bhatia\.m2\repository\org\seleniumhq\selenium\selenium-opera-driver\3.14.0\selenium-opera-driver-3.14.0.jar;C:\Users\nikhil.bhatia\.m2\repository\org\seleniumhq\selenium\selenium-remote-driver\3.14.0\selenium-remote-driver-3.14.0.jar;C:\Users\nikhil.bhatia\.m2\repository\org\seleniumhq\selenium\selenium-safari-driver\3.14.0\selenium-safari-driver-3.14.0.jar;C:\Users\nikhil.bhatia\.m2\repository\org\seleniumhq\selenium\selenium-support\3.14.0\selenium-support-3.14.0.jar;C:\Users\nikhil.bhatia\.m2\repository\com\beust\jcommander\1.72\jcommander-1.72.jar;C:\Users\nikhil.bhatia\.m2\repository\net\bytebuddy\byte-buddy\1.8.15\byte-buddy-1.8.15.jar;C:\Users\nikhil.bhatia\.m2\repository\org\apache\commons\commons-exec\1.3\commons-exec-1.3.jar;C:\Users\nikhil.bhatia\.m2\repository\org\apache\commons\commons-lang3\3.7\commons-lang3-3.7.jar;C:\Users\nikhil.bhatia\.m2\repository\org\apache\commons\commons-text\1.1\commons-text-1.1.jar;C:\Users\nikhil.bhatia\.m2\repository\commons-codec\commons-codec\1.10\commons-codec-1.10.jar;C:\Users\nikhil.bhatia\.m2\repository\commons-io\commons-io\2.6\commons-io-2.6.jar;C:\Users\nikhil.bhatia\.m2\repository\commons-logging\commons-logging\1.2\commons-logging-1.2.jar;C:\Users\nikhil.bhatia\.m2\repository\commons-net\commons-net\3.6\commons-net-3.6.jar;C:\Users\nikhil.bhatia\.m2\repository\com\google\guava\guava\25.0-jre\guava-25.0-jre.jar;C:\Users\nikhil.bhatia\.m2\repository\com\google\code\findbugs\jsr305\1.3.9\jsr305-1.3.9.jar;C:\Users\nikhil.bhatia\.m2\repository\org\checkerframework\checker-compat-qual\2.0.0\checker-compat-qual-2.0.0.jar;C:\Users\nikhil.bhatia\.m2\repository\com\google\errorprone\error_prone_annotations\2.1.3\error_prone_annotations-2.1.3.jar;C:\Users\nikhil.bhatia\.m2\repository\com\google\j2objc\j2objc-annotations\1.1\j2objc-annotations-1.1.jar;C:\Users\nikhil.bhatia\.m2\repository\org\codehaus\mojo\animal-sniffer-annotations\1.14\animal-sniffer-annotations-1.14.jar;C:\Users\nikhil.bhatia\.m2\repository\net\sourceforge\htmlunit\htmlunit\2.30\htmlunit-2.30.jar;C:\Users\nikhil.bhatia\.m2\repository\net\sourceforge\htmlunit\htmlunit-core-js\2.28\htmlunit-core-js-2.28.jar;C:\Users\nikhil.bhatia\.m2\repository\net\sourceforge\htmlunit\htmlunit-cssparser\1.0.0\htmlunit-cssparser-1.0.0.jar;C:\Users\nikhil.bhatia\.m2\repository\net\sourceforge\htmlunit\neko-htmlunit\2.30\neko-htmlunit-2.30.jar;C:\Users\nikhil.bhatia\.m2\repository\org\apache\httpcomponents\httpclient\4.5.5\httpclient-4.5.5.jar;C:\Users\nikhil.bhatia\.m2\repository\org\apache\httpcomponents\httpcore\4.4.9\httpcore-4.4.9.jar;C:\Users\nikhil.bhatia\.m2\repository\org\apache\httpcomponents\httpmime\4.5.5\httpmime-4.5.5.jar;C:\Users\nikhil.bhatia\.m2\repository\net\jcip\jcip-annotations\1.0\jcip-annotations-1.0.jar;C:\Users\nikhil.bhatia\.m2\repository\org\seleniumhq\selenium\jetty-repacked\9.4.8.v20180619\jetty-repacked-9.4.8.v20180619.jar;C:\Users\nikhil.bhatia\.m2\repository\org\eclipse\jetty\jetty-client\9.4.8.v20180619\jetty-client-9.4.8.v20180619.jar;C:\Users\nikhil.bhatia\.m2\repository\org\eclipse\jetty\jetty-http\9.4.8.v20180619\jetty-http-9.4.8.v20180619.jar;C:\Users\nikhil.bhatia\.m2\repository\org\eclipse\jetty\jetty-io\9.4.8.v20180619\jetty-io-9.4.8.v20180619.jar;C:\Users\nikhil.bhatia\.m2\repository\org\eclipse\jetty\jetty-util\9.4.8.v20180619\jetty-util-9.4.8.v20180619.jar;C:\Users\nikhil.bhatia\.m2\repository\org\eclipse\jetty\jetty-xml\9.4.8.v20180619\jetty-xml-9.4.8.v20180619.jar;C:\Users\nikhil.bhatia\.m2\repository\com\squareup\okhttp3\okhttp\3.10.0\okhttp-3.10.0.jar;C:\Users\nikhil.bhatia\.m2\repository\com\squareup\okio\okio\1.14.1\okio-1.14.1.jar;C:\Users\nikhil.bhatia\.m2\repository\org\seleniumhq\selenium\htmlunit-driver\2.30.0\htmlunit-driver-2.30.0.jar;C:\Users\nikhil.bhatia\.m2\repository\javax\servlet\javax.servlet-api\3.1.0\javax.servlet-api-3.1.0.jar;C:\Users\nikhil.bhatia\.m2\repository\org\eclipse\jetty\websocket\websocket-api\9.4.8.v20180619\websocket-api-9.4.8.v20180619.jar;C:\Users\nikhil.bhatia\.m2\repository\org\eclipse\jetty\websocket\websocket-client\9.4.8.v20180619\websocket-client-9.4.8.v20180619.jar;C:\Users\nikhil.bhatia\.m2\repository\org\eclipse\jetty\websocket\websocket-common\9.4.8.v20180619\websocket-common-9.4.8.v20180619.jar;C:\Users\nikhil.bhatia\.m2\repository\xalan\serializer\2.7.2\serializer-2.7.2.jar;C:\Users\nikhil.bhatia\.m2\repository\xalan\xalan\2.7.2\xalan-2.7.2.jar;C:\Users\nikhil.bhatia\.m2\repository\xerces\xercesImpl\2.11.0\xercesImpl-2.11.0.jar;C:\Users\nikhil.bhatia\.m2\repository\xml-apis\xml-apis\1.4.01\xml-apis-1.4.01.jar;C:\Users\nikhil.bhatia\.m2\repository\io\cucumber\cucumber-java\4.3.0\cucumber-java-4.3.0.jar;C:\Users\nikhil.bhatia\.m2\repository\io\cucumber\cucumber-core\4.3.0\cucumber-core-4.3.0.jar;C:\Users\nikhil.bhatia\.m2\repository\io\cucumber\cucumber-html\0.2.7\cucumber-html-0.2.7.jar;C:\Users\nikhil.bhatia\.m2\repository\io\cucumber\gherkin\5.1.0\gherkin-5.1.0.jar;C:\Users\nikhil.bhatia\.m2\repository\io\cucumber\tag-expressions\1.1.1\tag-expressions-1.1.1.jar;C:\Users\nikhil.bhatia\.m2\repository\io\cucumber\cucumber-expressions\6.2.2\cucumber-expressions-6.2.2.jar;C:\Users\nikhil.bhatia\.m2\repository\io\cucumber\datatable\1.1.12\datatable-1.1.12.jar;C:\Users\nikhil.bhatia\.m2\repository\io\cucumber\datatable-dependencies\1.1.12\datatable-dependencies-1.1.12.jar;C:\Users\nikhil.bhatia\.m2\repository\io\cucumber\cucumber-testng\4.3.0\cucumber-testng-4.3.0.jar;C:\Users\nikhil.bhatia\.m2\repository\org\testng\testng\6.14.3\testng-6.14.3.jar;C:\Users\nikhil.bhatia\.m2\repository\org\apache-extras\beanshell\bsh\2.0b6\bsh-2.0b6.jar;C:\Users\nikhil.bhatia\.m2\repository\javax\mail\mail\1.4.7\mail-1.4.7.jar;C:\Users\nikhil.bhatia\.m2\repository\javax\activation\activation\1.1\activation-1.1.jar;C:\Users\nikhil.bhatia\.m2\repository\com\sun\mail\javax.mail\1.6.2\javax.mail-1.6.2.jar;C:\Users\nikhil.bhatia\.m2\repository\javax\mail\javax.mail-api\1.6.2\javax.mail-api-1.6.2.jar;C:\Users\nikhil.bhatia\.m2\repository\org\yaml\snakeyaml\1.10\snakeyaml-1.10.jar;C:\Users\nikhil.bhatia\.m2\repository\io\rest-assured\rest-assured\3.0.0\rest-assured-3.0.0.jar;C:\Users\nikhil.bhatia\.m2\repository\org\codehaus\groovy\groovy\2.4.6\groovy-2.4.6.jar;C:\Users\nikhil.bhatia\.m2\repository\org\codehaus\groovy\groovy-xml\2.4.6\groovy-xml-2.4.6.jar;C:\Users\nikhil.bhatia\.m2\repository\org\hamcrest\hamcrest-core\1.3\hamcrest-core-1.3.jar;C:\Users\nikhil.bhatia\.m2\repository\org\hamcrest\hamcrest-library\1.3\hamcrest-library-1.3.jar;C:\Users\nikhil.bhatia\.m2\repository\org\ccil\cowan\tagsoup\tagsoup\1.2.1\tagsoup-1.2.1.jar;C:\Users\nikhil.bhatia\.m2\repository\io\rest-assured\json-path\3.0.0\json-path-3.0.0.jar;C:\Users\nikhil.bhatia\.m2\repository\org\codehaus\groovy\groovy-json\2.4.6\groovy-json-2.4.6.jar;C:\Users\nikhil.bhatia\.m2\repository\io\rest-assured\rest-assured-common\3.0.0\rest-assured-common-3.0.0.jar;C:\Users\nikhil.bhatia\.m2\repository\io\rest-assured\xml-path\3.0.0\xml-path-3.0.0.jar;C:\Users\nikhil.bhatia\.m2\repository\mysql\mysql-connector-java\8.0.18\mysql-connector-java-8.0.18.jar;C:\Users\nikhil.bhatia\.m2\repository\com\google\protobuf\protobuf-java\3.6.1\protobuf-java-3.6.1.jar;C:\Users\nikhil.bhatia\.m2\repository\org\apache\kafka\kafka_2.12\2.3.0\kafka_2.12-2.3.0.jar;C:\Users\nikhil.bhatia\.m2\repository\org\apache\kafka\kafka-clients\2.3.0\kafka-clients-2.3.0.jar;C:\Users\nikhil.bhatia\.m2\repository\com\github\luben\zstd-jni\1.4.0-1\zstd-jni-1.4.0-1.jar;C:\Users\nikhil.bhatia\.m2\repository\org\lz4\lz4-java\1.6.0\lz4-java-1.6.0.jar;C:\Users\nikhil.bhatia\.m2\repository\org\xerial\snappy\snappy-java\1.1.7.3\snappy-java-1.1.7.3.jar;C:\Users\nikhil.bhatia\.m2\repository\com\fasterxml\jackson\module\jackson-module-scala_2.12\2.9.9\jackson-module-scala_2.12-2.9.9.jar;C:\Users\nikhil.bhatia\.m2\repository\com\fasterxml\jackson\module\jackson-module-paranamer\2.9.9\jackson-module-paranamer-2.9.9.jar;C:\Users\nikhil.bhatia\.m2\repository\com\thoughtworks\paranamer\paranamer\2.8\paranamer-2.8.jar;C:\Users\nikhil.bhatia\.m2\repository\com\fasterxml\jackson\dataformat\jackson-dataformat-csv\2.9.9\jackson-dataformat-csv-2.9.9.jar;C:\Users\nikhil.bhatia\.m2\repository\com\fasterxml\jackson\datatype\jackson-datatype-jdk8\2.9.9\jackson-datatype-jdk8-2.9.9.jar;C:\Users\nikhil.bhatia\.m2\repository\net\sf\jopt-simple\jopt-simple\5.0.4\jopt-simple-5.0.4.jar;C:\Users\nikhil.bhatia\.m2\repository\com\yammer\metrics\metrics-core\2.2.0\metrics-core-2.2.0.jar;C:\Users\nikhil.bhatia\.m2\repository\org\scala-lang\scala-library\2.12.8\scala-library-2.12.8.jar;C:\Users\nikhil.bhatia\.m2\repository\org\scala-lang\scala-reflect\2.12.8\scala-reflect-2.12.8.jar;C:\Users\nikhil.bhatia\.m2\repository\com\typesafe\scala-logging\scala-logging_2.12\3.9.0\scala-logging_2.12-3.9.0.jar;C:\Users\nikhil.bhatia\.m2\repository\org\slf4j\slf4j-api\1.7.26\slf4j-api-1.7.26.jar;C:\Users\nikhil.bhatia\.m2\repository\com\101tec\zkclient\0.11\zkclient-0.11.jar;C:\Users\nikhil.bhatia\.m2\repository\org\apache\zookeeper\zookeeper\3.4.14\zookeeper-3.4.14.jar;C:\Users\nikhil.bhatia\.m2\repository\com\github\spotbugs\spotbugs-annotations\3.1.9\spotbugs-annotations-3.1.9.jar;C:\Users\nikhil.bhatia\.m2\repository\org\apache\yetus\audience-annotations\0.5.0\audience-annotations-0.5.0.jar;C:\Users\nikhil.bhatia\.m2\repository\net\lightbody\bmp\browsermob-core\2.1.5\browsermob-core-2.1.5.jar;C:\Users\nikhil.bhatia\.m2\repository\net\lightbody\bmp\littleproxy\1.1.0-beta-bmp-17\littleproxy-1.1.0-beta-bmp-17.jar;C:\Users\nikhil.bhatia\.m2\repository\dnsjava\dnsjava\2.1.8\dnsjava-2.1.8.jar;C:\Users\nikhil.bhatia\.m2\repository\org\slf4j\jcl-over-slf4j\1.7.25\jcl-over-slf4j-1.7.25.jar;C:\Users\nikhil.bhatia\.m2\repository\com\jcraft\jzlib\1.1.3\jzlib-1.1.3.jar;C:\Users\nikhil.bhatia\.m2\repository\io\netty\netty-all\4.0.51.Final\netty-all-4.0.51.Final.jar;C:\Users\nikhil.bhatia\.m2\repository\org\bouncycastle\bcprov-jdk15on\1.58\bcprov-jdk15on-1.58.jar;C:\Users\nikhil.bhatia\.m2\repository\org\bouncycastle\bcpkix-jdk15on\1.58\bcpkix-jdk15on-1.58.jar;C:\Users\nikhil.bhatia\.m2\repository\net\lightbody\bmp\mitm\2.1.5\mitm-2.1.5.jar;C:\Users\nikhil.bhatia\.m2\repository\org\apache\poi\poi\3.11\poi-3.11.jar;C:\Users\nikhil.bhatia\.m2\repository\org\apache\xmlbeans\xmlbeans\2.6.0\xmlbeans-2.6.0.jar;C:\Users\nikhil.bhatia\.m2\repository\stax\stax-api\1.0.1\stax-api-1.0.1.jar;C:\Users\nikhil.bhatia\.m2\repository\org\apache\poi\poi-ooxml-schemas\3.11\poi-ooxml-schemas-3.11.jar;C:\Users\nikhil.bhatia\.m2\repository\org\apache\poi\poi-scratchpad\3.11\poi-scratchpad-3.11.jar;C:\Users\nikhil.bhatia\.m2\repository\org\apache\poi\poi-ooxml\3.11\poi-ooxml-3.11.jar;C:\Users\nikhil.bhatia\.m2\repository\com\googlecode\json-simple\json-simple\1.1.1\json-simple-1.1.1.jar;C:\Users\nikhil.bhatia\.m2\repository\junit\junit\4.10\junit-4.10.jar;C:\Users\nikhil.bhatia\.m2\repository\org\dbunit\dbunit\2.5.3\dbunit-2.5.3.jar;C:\Users\nikhil.bhatia\.m2\repository\commons-collections\commons-collections\3.2.2\commons-collections-3.2.2.jar;C:\Users\nikhil.bhatia\.m2\repository\org\apache\maven\surefire\surefire-testng\2.22.1\surefire-testng-2.22.1.jar;C:\Users\nikhil.bhatia\.m2\repository\org\apache\maven\surefire\common-java5\2.22.1\common-java5-2.22.1.jar;C:\Users\nikhil.bhatia\.m2\repository\org\apache\maven\surefire\surefire-testng-utils\2.22.1\surefire-testng-utils-2.22.1.jar;C:\Users\nikhil.bhatia\.m2\repository\org\apache\maven\surefire\surefire-grouper\2.22.1\surefire-grouper-2.22.1.jar"/>
    <property name="java.vm.vendor" value="Oracle Corporation"/>
    <property name="sun.arch.data.model" value="64"/>
    <property name="user.variant" value=""/>
    <property name="java.vendor.url" value="https://java.oracle.com/"/>
    <property name="user.timezone" value="Asia/Calcutta"/>
    <property name="os.name" value="Windows 10"/>
    <property name="java.vm.specification.version" value="15"/>
    <property name="sun.java.launcher" value="SUN_STANDARD"/>
    <property name="user.country" value="IN"/>
    <property name="sun.boot.library.path" value="C:\Program Files\Java\jdk-15.0.2\bin"/>
    <property name="sun.java.command" value="org.apache.maven.surefire.booter.ForkedBooter C:\Users\nikhil.bhatia\AppData\Local\Temp\surefire18289543490799322316 2021-03-01T10-24-49_953-jvmRun1 surefire7724871972232117538tmp surefire_02387446778906475001tmp"/>
    <property name="jdk.debug" value="release"/>
    <property name="surefire.test.class.path" value="D:\GaanaCucumberFramework\target\test-classes;D:\GaanaCucumberFramework\target\classes;C:\Users\nikhil.bhatia\.m2\repository\org\apache\commons\commons-email\1.5\commons-email-1.5.jar;C:\Users\nikhil.bhatia\.m2\repository\org\mongodb\mongo-java-driver\3.8.2\mongo-java-driver-3.8.2.jar;C:\Users\nikhil.bhatia\.m2\repository\com\fasterxml\jackson\core\jackson-core\2.9.8\jackson-core-2.9.8.jar;C:\Users\nikhil.bhatia\.m2\repository\com\fasterxml\jackson\core\jackson-databind\2.9.8\jackson-databind-2.9.8.jar;C:\Users\nikhil.bhatia\.m2\repository\com\fasterxml\jackson\core\jackson-annotations\2.9.0\jackson-annotations-2.9.0.jar;C:\Users\nikhil.bhatia\.m2\repository\org\seleniumhq\selenium\selenium-server\3.14.0\selenium-server-3.14.0.jar;C:\Users\nikhil.bhatia\.m2\repository\org\seleniumhq\selenium\selenium-java\3.14.0\selenium-java-3.14.0.jar;C:\Users\nikhil.bhatia\.m2\repository\org\seleniumhq\selenium\selenium-api\3.14.0\selenium-api-3.14.0.jar;C:\Users\nikhil.bhatia\.m2\repository\org\seleniumhq\selenium\selenium-chrome-driver\3.14.0\selenium-chrome-driver-3.14.0.jar;C:\Users\nikhil.bhatia\.m2\repository\org\seleniumhq\selenium\selenium-edge-driver\3.14.0\selenium-edge-driver-3.14.0.jar;C:\Users\nikhil.bhatia\.m2\repository\org\seleniumhq\selenium\selenium-firefox-driver\3.14.0\selenium-firefox-driver-3.14.0.jar;C:\Users\nikhil.bhatia\.m2\repository\org\seleniumhq\selenium\selenium-ie-driver\3.14.0\selenium-ie-driver-3.14.0.jar;C:\Users\nikhil.bhatia\.m2\repository\org\seleniumhq\selenium\selenium-opera-driver\3.14.0\selenium-opera-driver-3.14.0.jar;C:\Users\nikhil.bhatia\.m2\repository\org\seleniumhq\selenium\selenium-remote-driver\3.14.0\selenium-remote-driver-3.14.0.jar;C:\Users\nikhil.bhatia\.m2\repository\org\seleniumhq\selenium\selenium-safari-driver\3.14.0\selenium-safari-driver-3.14.0.jar;C:\Users\nikhil.bhatia\.m2\repository\org\seleniumhq\selenium\selenium-support\3.14.0\selenium-support-3.14.0.jar;C:\Users\nikhil.bhatia\.m2\repository\com\beust\jcommander\1.72\jcommander-1.72.jar;C:\Users\nikhil.bhatia\.m2\repository\net\bytebuddy\byte-buddy\1.8.15\byte-buddy-1.8.15.jar;C:\Users\nikhil.bhatia\.m2\repository\org\apache\commons\commons-exec\1.3\commons-exec-1.3.jar;C:\Users\nikhil.bhatia\.m2\repository\org\apache\commons\commons-lang3\3.7\commons-lang3-3.7.jar;C:\Users\nikhil.bhatia\.m2\repository\org\apache\commons\commons-text\1.1\commons-text-1.1.jar;C:\Users\nikhil.bhatia\.m2\repository\commons-codec\commons-codec\1.10\commons-codec-1.10.jar;C:\Users\nikhil.bhatia\.m2\repository\commons-io\commons-io\2.6\commons-io-2.6.jar;C:\Users\nikhil.bhatia\.m2\repository\commons-logging\commons-logging\1.2\commons-logging-1.2.jar;C:\Users\nikhil.bhatia\.m2\repository\commons-net\commons-net\3.6\commons-net-3.6.jar;C:\Users\nikhil.bhatia\.m2\repository\com\google\guava\guava\25.0-jre\guava-25.0-jre.jar;C:\Users\nikhil.bhatia\.m2\repository\com\google\code\findbugs\jsr305\1.3.9\jsr305-1.3.9.jar;C:\Users\nikhil.bhatia\.m2\repository\org\checkerframework\checker-compat-qual\2.0.0\checker-compat-qual-2.0.0.jar;C:\Users\nikhil.bhatia\.m2\repository\com\google\errorprone\error_prone_annotations\2.1.3\error_prone_annotations-2.1.3.jar;C:\Users\nikhil.bhatia\.m2\repository\com\google\j2objc\j2objc-annotations\1.1\j2objc-annotations-1.1.jar;C:\Users\nikhil.bhatia\.m2\repository\org\codehaus\mojo\animal-sniffer-annotations\1.14\animal-sniffer-annotations-1.14.jar;C:\Users\nikhil.bhatia\.m2\repository\net\sourceforge\htmlunit\htmlunit\2.30\htmlunit-2.30.jar;C:\Users\nikhil.bhatia\.m2\repository\net\sourceforge\htmlunit\htmlunit-core-js\2.28\htmlunit-core-js-2.28.jar;C:\Users\nikhil.bhatia\.m2\repository\net\sourceforge\htmlunit\htmlunit-cssparser\1.0.0\htmlunit-cssparser-1.0.0.jar;C:\Users\nikhil.bhatia\.m2\repository\net\sourceforge\htmlunit\neko-htmlunit\2.30\neko-htmlunit-2.30.jar;C:\Users\nikhil.bhatia\.m2\repository\org\apache\httpcomponents\httpclient\4.5.5\httpclient-4.5.5.jar;C:\Users\nikhil.bhatia\.m2\repository\org\apache\httpcomponents\httpcore\4.4.9\httpcore-4.4.9.jar;C:\Users\nikhil.bhatia\.m2\repository\org\apache\httpcomponents\httpmime\4.5.5\httpmime-4.5.5.jar;C:\Users\nikhil.bhatia\.m2\repository\net\jcip\jcip-annotations\1.0\jcip-annotations-1.0.jar;C:\Users\nikhil.bhatia\.m2\repository\org\seleniumhq\selenium\jetty-repacked\9.4.8.v20180619\jetty-repacked-9.4.8.v20180619.jar;C:\Users\nikhil.bhatia\.m2\repository\org\eclipse\jetty\jetty-client\9.4.8.v20180619\jetty-client-9.4.8.v20180619.jar;C:\Users\nikhil.bhatia\.m2\repository\org\eclipse\jetty\jetty-http\9.4.8.v20180619\jetty-http-9.4.8.v20180619.jar;C:\Users\nikhil.bhatia\.m2\repository\org\eclipse\jetty\jetty-io\9.4.8.v20180619\jetty-io-9.4.8.v20180619.jar;C:\Users\nikhil.bhatia\.m2\repository\org\eclipse\jetty\jetty-util\9.4.8.v20180619\jetty-util-9.4.8.v20180619.jar;C:\Users\nikhil.bhatia\.m2\repository\org\eclipse\jetty\jetty-xml\9.4.8.v20180619\jetty-xml-9.4.8.v20180619.jar;C:\Users\nikhil.bhatia\.m2\repository\com\squareup\okhttp3\okhttp\3.10.0\okhttp-3.10.0.jar;C:\Users\nikhil.bhatia\.m2\repository\com\squareup\okio\okio\1.14.1\okio-1.14.1.jar;C:\Users\nikhil.bhatia\.m2\repository\org\seleniumhq\selenium\htmlunit-driver\2.30.0\htmlunit-driver-2.30.0.jar;C:\Users\nikhil.bhatia\.m2\repository\javax\servlet\javax.servlet-api\3.1.0\javax.servlet-api-3.1.0.jar;C:\Users\nikhil.bhatia\.m2\repository\org\eclipse\jetty\websocket\websocket-api\9.4.8.v20180619\websocket-api-9.4.8.v20180619.jar;C:\Users\nikhil.bhatia\.m2\repository\org\eclipse\jetty\websocket\websocket-client\9.4.8.v20180619\websocket-client-9.4.8.v20180619.jar;C:\Users\nikhil.bhatia\.m2\repository\org\eclipse\jetty\websocket\websocket-common\9.4.8.v20180619\websocket-common-9.4.8.v20180619.jar;C:\Users\nikhil.bhatia\.m2\repository\xalan\serializer\2.7.2\serializer-2.7.2.jar;C:\Users\nikhil.bhatia\.m2\repository\xalan\xalan\2.7.2\xalan-2.7.2.jar;C:\Users\nikhil.bhatia\.m2\repository\xerces\xercesImpl\2.11.0\xercesImpl-2.11.0.jar;C:\Users\nikhil.bhatia\.m2\repository\xml-apis\xml-apis\1.4.01\xml-apis-1.4.01.jar;C:\Users\nikhil.bhatia\.m2\repository\io\cucumber\cucumber-java\4.3.0\cucumber-java-4.3.0.jar;C:\Users\nikhil.bhatia\.m2\repository\io\cucumber\cucumber-core\4.3.0\cucumber-core-4.3.0.jar;C:\Users\nikhil.bhatia\.m2\repository\io\cucumber\cucumber-html\0.2.7\cucumber-html-0.2.7.jar;C:\Users\nikhil.bhatia\.m2\repository\io\cucumber\gherkin\5.1.0\gherkin-5.1.0.jar;C:\Users\nikhil.bhatia\.m2\repository\io\cucumber\tag-expressions\1.1.1\tag-expressions-1.1.1.jar;C:\Users\nikhil.bhatia\.m2\repository\io\cucumber\cucumber-expressions\6.2.2\cucumber-expressions-6.2.2.jar;C:\Users\nikhil.bhatia\.m2\repository\io\cucumber\datatable\1.1.12\datatable-1.1.12.jar;C:\Users\nikhil.bhatia\.m2\repository\io\cucumber\datatable-dependencies\1.1.12\datatable-dependencies-1.1.12.jar;C:\Users\nikhil.bhatia\.m2\repository\io\cucumber\cucumber-testng\4.3.0\cucumber-testng-4.3.0.jar;C:\Users\nikhil.bhatia\.m2\repository\org\testng\testng\6.14.3\testng-6.14.3.jar;C:\Users\nikhil.bhatia\.m2\repository\org\apache-extras\beanshell\bsh\2.0b6\bsh-2.0b6.jar;C:\Users\nikhil.bhatia\.m2\repository\javax\mail\mail\1.4.7\mail-1.4.7.jar;C:\Users\nikhil.bhatia\.m2\repository\javax\activation\activation\1.1\activation-1.1.jar;C:\Users\nikhil.bhatia\.m2\repository\com\sun\mail\javax.mail\1.6.2\javax.mail-1.6.2.jar;C:\Users\nikhil.bhatia\.m2\repository\javax\mail\javax.mail-api\1.6.2\javax.mail-api-1.6.2.jar;C:\Users\nikhil.bhatia\.m2\repository\org\yaml\snakeyaml\1.10\snakeyaml-1.10.jar;C:\Users\nikhil.bhatia\.m2\repository\io\rest-assured\rest-assured\3.0.0\rest-assured-3.0.0.jar;C:\Users\nikhil.bhatia\.m2\repository\org\codehaus\groovy\groovy\2.4.6\groovy-2.4.6.jar;C:\Users\nikhil.bhatia\.m2\repository\org\codehaus\groovy\groovy-xml\2.4.6\groovy-xml-2.4.6.jar;C:\Users\nikhil.bhatia\.m2\repository\org\hamcrest\hamcrest-core\1.3\hamcrest-core-1.3.jar;C:\Users\nikhil.bhatia\.m2\repository\org\hamcrest\hamcrest-library\1.3\hamcrest-library-1.3.jar;C:\Users\nikhil.bhatia\.m2\repository\org\ccil\cowan\tagsoup\tagsoup\1.2.1\tagsoup-1.2.1.jar;C:\Users\nikhil.bhatia\.m2\repository\io\rest-assured\json-path\3.0.0\json-path-3.0.0.jar;C:\Users\nikhil.bhatia\.m2\repository\org\codehaus\groovy\groovy-json\2.4.6\groovy-json-2.4.6.jar;C:\Users\nikhil.bhatia\.m2\repository\io\rest-assured\rest-assured-common\3.0.0\rest-assured-common-3.0.0.jar;C:\Users\nikhil.bhatia\.m2\repository\io\rest-assured\xml-path\3.0.0\xml-path-3.0.0.jar;C:\Users\nikhil.bhatia\.m2\repository\mysql\mysql-connector-java\8.0.18\mysql-connector-java-8.0.18.jar;C:\Users\nikhil.bhatia\.m2\repository\com\google\protobuf\protobuf-java\3.6.1\protobuf-java-3.6.1.jar;C:\Users\nikhil.bhatia\.m2\repository\org\apache\kafka\kafka_2.12\2.3.0\kafka_2.12-2.3.0.jar;C:\Users\nikhil.bhatia\.m2\repository\org\apache\kafka\kafka-clients\2.3.0\kafka-clients-2.3.0.jar;C:\Users\nikhil.bhatia\.m2\repository\com\github\luben\zstd-jni\1.4.0-1\zstd-jni-1.4.0-1.jar;C:\Users\nikhil.bhatia\.m2\repository\org\lz4\lz4-java\1.6.0\lz4-java-1.6.0.jar;C:\Users\nikhil.bhatia\.m2\repository\org\xerial\snappy\snappy-java\1.1.7.3\snappy-java-1.1.7.3.jar;C:\Users\nikhil.bhatia\.m2\repository\com\fasterxml\jackson\module\jackson-module-scala_2.12\2.9.9\jackson-module-scala_2.12-2.9.9.jar;C:\Users\nikhil.bhatia\.m2\repository\com\fasterxml\jackson\module\jackson-module-paranamer\2.9.9\jackson-module-paranamer-2.9.9.jar;C:\Users\nikhil.bhatia\.m2\repository\com\thoughtworks\paranamer\paranamer\2.8\paranamer-2.8.jar;C:\Users\nikhil.bhatia\.m2\repository\com\fasterxml\jackson\dataformat\jackson-dataformat-csv\2.9.9\jackson-dataformat-csv-2.9.9.jar;C:\Users\nikhil.bhatia\.m2\repository\com\fasterxml\jackson\datatype\jackson-datatype-jdk8\2.9.9\jackson-datatype-jdk8-2.9.9.jar;C:\Users\nikhil.bhatia\.m2\repository\net\sf\jopt-simple\jopt-simple\5.0.4\jopt-simple-5.0.4.jar;C:\Users\nikhil.bhatia\.m2\repository\com\yammer\metrics\metrics-core\2.2.0\metrics-core-2.2.0.jar;C:\Users\nikhil.bhatia\.m2\repository\org\scala-lang\scala-library\2.12.8\scala-library-2.12.8.jar;C:\Users\nikhil.bhatia\.m2\repository\org\scala-lang\scala-reflect\2.12.8\scala-reflect-2.12.8.jar;C:\Users\nikhil.bhatia\.m2\repository\com\typesafe\scala-logging\scala-logging_2.12\3.9.0\scala-logging_2.12-3.9.0.jar;C:\Users\nikhil.bhatia\.m2\repository\org\slf4j\slf4j-api\1.7.26\slf4j-api-1.7.26.jar;C:\Users\nikhil.bhatia\.m2\repository\com\101tec\zkclient\0.11\zkclient-0.11.jar;C:\Users\nikhil.bhatia\.m2\repository\org\apache\zookeeper\zookeeper\3.4.14\zookeeper-3.4.14.jar;C:\Users\nikhil.bhatia\.m2\repository\com\github\spotbugs\spotbugs-annotations\3.1.9\spotbugs-annotations-3.1.9.jar;C:\Users\nikhil.bhatia\.m2\repository\org\apache\yetus\audience-annotations\0.5.0\audience-annotations-0.5.0.jar;C:\Users\nikhil.bhatia\.m2\repository\net\lightbody\bmp\browsermob-core\2.1.5\browsermob-core-2.1.5.jar;C:\Users\nikhil.bhatia\.m2\repository\net\lightbody\bmp\littleproxy\1.1.0-beta-bmp-17\littleproxy-1.1.0-beta-bmp-17.jar;C:\Users\nikhil.bhatia\.m2\repository\dnsjava\dnsjava\2.1.8\dnsjava-2.1.8.jar;C:\Users\nikhil.bhatia\.m2\repository\org\slf4j\jcl-over-slf4j\1.7.25\jcl-over-slf4j-1.7.25.jar;C:\Users\nikhil.bhatia\.m2\repository\com\jcraft\jzlib\1.1.3\jzlib-1.1.3.jar;C:\Users\nikhil.bhatia\.m2\repository\io\netty\netty-all\4.0.51.Final\netty-all-4.0.51.Final.jar;C:\Users\nikhil.bhatia\.m2\repository\org\bouncycastle\bcprov-jdk15on\1.58\bcprov-jdk15on-1.58.jar;C:\Users\nikhil.bhatia\.m2\repository\org\bouncycastle\bcpkix-jdk15on\1.58\bcpkix-jdk15on-1.58.jar;C:\Users\nikhil.bhatia\.m2\repository\net\lightbody\bmp\mitm\2.1.5\mitm-2.1.5.jar;C:\Users\nikhil.bhatia\.m2\repository\org\apache\poi\poi\3.11\poi-3.11.jar;C:\Users\nikhil.bhatia\.m2\repository\org\apache\xmlbeans\xmlbeans\2.6.0\xmlbeans-2.6.0.jar;C:\Users\nikhil.bhatia\.m2\repository\stax\stax-api\1.0.1\stax-api-1.0.1.jar;C:\Users\nikhil.bhatia\.m2\repository\org\apache\poi\poi-ooxml-schemas\3.11\poi-ooxml-schemas-3.11.jar;C:\Users\nikhil.bhatia\.m2\repository\org\apache\poi\poi-scratchpad\3.11\poi-scratchpad-3.11.jar;C:\Users\nikhil.bhatia\.m2\repository\org\apache\poi\poi-ooxml\3.11\poi-ooxml-3.11.jar;C:\Users\nikhil.bhatia\.m2\repository\com\googlecode\json-simple\json-simple\1.1.1\json-simple-1.1.1.jar;C:\Users\nikhil.bhatia\.m2\repository\junit\junit\4.10\junit-4.10.jar;C:\Users\nikhil.bhatia\.m2\repository\org\dbunit\dbunit\2.5.3\dbunit-2.5.3.jar;C:\Users\nikhil.bhatia\.m2\repository\commons-collections\commons-collections\3.2.2\commons-collections-3.2.2.jar;"/>
    <property name="sun.cpu.endian" value="little"/>
    <property name="user.home" value="C:\Users\nikhil.bhatia"/>
    <property name="user.language" value="en"/>
    <property name="java.specification.vendor" value="Oracle Corporation"/>
    <property name="java.version.date" value="2021-01-19"/>
    <property name="java.home" value="C:\Program Files\Java\jdk-15.0.2"/>
    <property name="file.separator" value="\"/>
    <property name="basedir" value="D:\GaanaCucumberFramework"/>
    <property name="java.vm.compressedOopsMode" value="32-bit"/>
    <property name="line.separator" value="&#10;"/>
    <property name="testEnvironment" value="test"/>
    <property name="java.vm.specification.vendor" value="Oracle Corporation"/>
    <property name="java.specification.name" value="Java Platform API Specification"/>
    <property name="user.script" value=""/>
    <property name="sun.management.compiler" value="HotSpot 64-Bit Tiered Compilers"/>
    <property name="java.runtime.version" value="15.0.2+7-27"/>
    <property name="user.name" value="Nikhil.Bhatia"/>
    <property name="path.separator" value=";"/>
    <property name="os.version" value="10.0"/>
    <property name="java.runtime.name" value="Java(TM) SE Runtime Environment"/>
    <property name="file.encoding" value="Cp1252"/>
    <property name="java.vm.name" value="Java HotSpot(TM) 64-Bit Server VM"/>
    <property name="nameSpace" value="portal.gaana"/>
    <property name="localRepository" value="C:\Users\nikhil.bhatia\.m2\repository"/>
    <property name="java.vendor.url.bug" value="https://bugreport.java.com/bugreport/"/>
    <property name="java.io.tmpdir" value="C:\Users\NIKHIL~1.BHA\AppData\Local\Temp\"/>
    <property name="java.version" value="15.0.2"/>
    <property name="user.dir" value="D:\GaanaCucumberFramework"/>
    <property name="os.arch" value="amd64"/>
    <property name="java.vm.specification.name" value="Java Virtual Machine Specification"/>
    <property name="sun.os.patch.level" value=""/>
    <property name="java.library.path" value="C:\Program Files\Java\jdk-15.0.2\bin;C:\Windows\Sun\Java\bin;C:\Windows\system32;C:\Windows;C:\Program Files\Common Files\Oracle\Java\javapath;C:\Windows\system32;C:\Windows;C:\Windows\System32\Wbem;C:\Windows\System32\WindowsPowerShell\v1.0\;C:\Windows\System32\OpenSSH\;C:\Program Files\PuTTY\;C:\Program Files\Java\jdk-15.0.2\bin;C:\Users\nikhil.bhatia\apache-maven-3.6.3\bin;C:\Program Files\Git\cmd;C:\Users\nikhil.bhatia\AppData\Local\Microsoft\WindowsApps;C:\Program Files\Java\jdk-15.0.2\bin;C:\Users\nikhil.bhatia\apache-maven-3.6.3\bin;;."/>
    <property name="java.vm.info" value="mixed mode, sharing"/>
    <property name="java.vendor" value="Oracle Corporation"/>
    <property name="java.vm.version" value="15.0.2+7-27"/>
    <property name="sun.io.unicode.encoding" value="UnicodeLittle"/>
    <property name="java.class.version" value="59.0"/>
  </properties>
  <testcase name="runScenario" classname="com.gaana.test.base.Test_Runner" time="14.592">
    <failure message="expected [rahul] but found [nikhil]" type="java.lang.AssertionError">java.lang.AssertionError: expected [rahul] but found [nikhil]
</failure>
    <system-out><![CDATA[----------------------------------------------------
Scenario: Verify user is able to create playlist[Started]
----------------------------------------------------
portal.gaana
[INFO]: URL: https://portal.gaana.com
https://portal.gaana.com/podcast
[INFO]: https://portal.gaana.com/podcast
Download Latest MP3 Songs Online: Play Old & New MP3 Music Online Free on Gaana.com
------------------------------------------------------------------------------------
Scenario: Verify user is able to create playlist [FAILED]
------------------------------------------------------------------------------------
inside screenshot
Saving screen shot.... ::  D:\GaanaCucumberFramework\target\Scenario_Verifyuserisabletocreateplaylist\Scenario_Verifyuserisabletocreateplaylist1614574504538_screenshot.png
D:\GaanaCucumberFramework\target\Scenario_Verifyuserisabletocreateplaylist\Scenario_Verifyuserisabletocreateplaylist1614574504538_screenshot.png
]]></system-out>
    <system-err><![CDATA[Mar 01, 2021 10:24:51 AM org.openqa.selenium.remote.DesiredCapabilities chrome
INFO: Using `new ChromeOptions()` is preferred to `DesiredCapabilities.chrome()`
ChromeDriver was started successfully.
Mar 01, 2021 10:24:53 AM org.openqa.selenium.remote.ProtocolHandshake createSession
INFO: Detected dialect: W3C
]]></system-err>
  </testcase>
</testsuite>